# JRE version: Java(TM) SE Runtime Environment (8.0_131-b11) (build 1.8.0_131-b11)
# Java VM: Java HotSpot(TM) 64-Bit Server VM (25.131-b11 mixed mode linux-amd64 compressed oops)
Heap:
 PSYoungGen      total 316928K, used 120381K [0x0000000718f80000, 0x0000000758d00000, 0x00000007c0000000)
  eden space 316416K, 37% used [0x0000000718f80000,0x00000007204e7450,0x000000072c480000)
  from space 512K, 31% used [0x0000000758c00000,0x0000000758c28010,0x0000000758c80000)
  to   space 512K, 0% used [0x0000000758c80000,0x0000000758c80000,0x0000000758d00000)
 ParOldGen       total 241664K, used 32766K [0x00000005cae00000, 0x00000005d9a00000, 0x0000000718f80000)
  object space 241664K, 13% used [0x00000005cae00000,0x00000005ccdffb28,0x00000005d9a00000)
 Metaspace       used 34907K, capacity 35218K, committed 35584K, reserved 1079296K
  class space    used 4708K, capacity 4818K, committed 4864K, reserved 1048576K
GC Heap History (10 events):
Event: 4769.250 GC heap before
{Heap before GC invocations=8394 (full 3):
 PSYoungGen      total 298496K, used 298112K [0x0000000718f80000, 0x0000000758d00000, 0x00000007c0000000)
  eden space 297984K, 100% used [0x0000000718f80000,0x000000072b280000,0x000000072b280000)
  from space 512K, 25% used [0x0000000758c80000,0x0000000758ca0010,0x0000000758d00000)
  to   space 512K, 0% used [0x0000000758c00000,0x0000000758c00000,0x0000000758c80000)
 ParOldGen       total 241664K, used 32734K [0x00000005cae00000, 0x00000005d9a00000, 0x0000000718f80000)
  object space 241664K, 13% used [0x00000005cae00000,0x00000005ccdf7b28,0x00000005d9a00000)
 Metaspace       used 34907K, capacity 35218K, committed 35584K, reserved 1079296K
  class space    used 4708K, capacity 4818K, committed 4864K, reserved 1048576K
Event: 4769.252 GC heap after
Heap after GC invocations=8394 (full 3):
 PSYoungGen      total 310272K, used 192K [0x0000000718f80000, 0x0000000758d00000, 0x00000007c0000000)
  eden space 309760K, 0% used [0x0000000718f80000,0x0000000718f80000,0x000000072be00000)
  from space 512K, 37% used [0x0000000758c00000,0x0000000758c30010,0x0000000758c80000)
  to   space 512K, 0% used [0x0000000758c80000,0x0000000758c80000,0x0000000758d00000)
 ParOldGen       total 241664K, used 32742K [0x00000005cae00000, 0x00000005d9a00000, 0x0000000718f80000)
  object space 241664K, 13% used [0x00000005cae00000,0x00000005ccdf9b28,0x00000005d9a00000)
 Metaspace       used 34907K, capacity 35218K, committed 35584K, reserved 1079296K
  class space    used 4708K, capacity 4818K, committed 4864K, reserved 1048576K
}
Event: 4769.576 GC heap before
{Heap before GC invocations=8395 (full 3):
 PSYoungGen      total 310272K, used 309952K [0x0000000718f80000, 0x0000000758d00000, 0x00000007c0000000)
  eden space 309760K, 100% used [0x0000000718f80000,0x000000072be00000,0x000000072be00000)
  from space 512K, 37% used [0x0000000758c00000,0x0000000758c30010,0x0000000758c80000)
  to   space 512K, 0% used [0x0000000758c80000,0x0000000758c80000,0x0000000758d00000)
 ParOldGen       total 241664K, used 32742K [0x00000005cae00000, 0x00000005d9a00000, 0x0000000718f80000)
  object space 241664K, 13% used [0x00000005cae00000,0x00000005ccdf9b28,0x00000005d9a00000)
 Metaspace       used 34907K, capacity 35218K, committed 35584K, reserved 1079296K
  class space    used 4708K, capacity 4818K, committed 4864K, reserved 1048576K
Event: 4769.580 GC heap after
Heap after GC invocations=8395 (full 3):
 PSYoungGen      total 323072K, used 128K [0x0000000718f80000, 0x0000000758d00000, 0x00000007c0000000)
  eden space 322560K, 0% used [0x0000000718f80000,0x0000000718f80000,0x000000072ca80000)
  from space 512K, 25% used [0x0000000758c80000,0x0000000758ca0010,0x0000000758d00000)
  to   space 512K, 0% used [0x0000000758c00000,0x0000000758c00000,0x0000000758c80000)
 ParOldGen       total 241664K, used 32742K [0x00000005cae00000, 0x00000005d9a00000, 0x0000000718f80000)
  object space 241664K, 13% used [0x00000005cae00000,0x00000005ccdf9b28,0x00000005d9a00000)
 Metaspace       used 34907K, capacity 35218K, committed 35584K, reserved 1079296K
  class space    used 4708K, capacity 4818K, committed 4864K, reserved 1048576K
}
Event: 4769.937 GC heap before
{Heap before GC invocations=8396 (full 3):
 PSYoungGen      total 323072K, used 322688K [0x0000000718f80000, 0x0000000758d00000, 0x00000007c0000000)
  eden space 322560K, 100% used [0x0000000718f80000,0x000000072ca80000,0x000000072ca80000)
  from space 512K, 25% used [0x0000000758c80000,0x0000000758ca0010,0x0000000758d00000)
  to   space 512K, 0% used [0x0000000758c00000,0x0000000758c00000,0x0000000758c80000)
 ParOldGen       total 241664K, used 32742K [0x00000005cae00000, 0x00000005d9a00000, 0x0000000718f80000)
  object space 241664K, 13% used [0x00000005cae00000,0x00000005ccdf9b28,0x00000005d9a00000)
 Metaspace       used 34907K, capacity 35218K, committed 35584K, reserved 1079296K
  class space    used 4708K, capacity 4818K, committed 4864K, reserved 1048576K
Event: 4769.941 GC heap after
Heap after GC invocations=8396 (full 3):
 PSYoungGen      total 335872K, used 96K [0x0000000718f80000, 0x0000000758d00000, 0x00000007c0000000)
  eden space 335360K, 0% used [0x0000000718f80000,0x0000000718f80000,0x000000072d700000)
  from space 512K, 18% used [0x0000000758c00000,0x0000000758c18010,0x0000000758c80000)
  to   space 512K, 0% used [0x0000000758c80000,0x0000000758c80000,0x0000000758d00000)
 ParOldGen       total 241664K, used 32750K [0x00000005cae00000, 0x00000005d9a00000, 0x0000000718f80000)
  object space 241664K, 13% used [0x00000005cae00000,0x00000005ccdfbb28,0x00000005d9a00000)
 Metaspace       used 34907K, capacity 35218K, committed 35584K, reserved 1079296K
  class space    used 4708K, capacity 4818K, committed 4864K, reserved 1048576K
}
Event: 4770.300 GC heap before
{Heap before GC invocations=8397 (full 3):
 PSYoungGen      total 335872K, used 335456K [0x0000000718f80000, 0x0000000758d00000, 0x00000007c0000000)
  eden space 335360K, 100% used [0x0000000718f80000,0x000000072d700000,0x000000072d700000)
  from space 512K, 18% used [0x0000000758c00000,0x0000000758c18010,0x0000000758c80000)
  to   space 512K, 0% used [0x0000000758c80000,0x0000000758c80000,0x0000000758d00000)
 ParOldGen       total 241664K, used 32750K [0x00000005cae00000, 0x00000005d9a00000, 0x0000000718f80000)
  object space 241664K, 13% used [0x00000005cae00000,0x00000005ccdfbb28,0x00000005d9a00000)
 Metaspace       used 34907K, capacity 35218K, committed 35584K, reserved 1079296K
  class space    used 4708K, capacity 4818K, committed 4864K, reserved 1048576K
Event: 4770.301 GC heap after
Heap after GC invocations=8397 (full 3):
 PSYoungGen      total 326144K, used 192K [0x0000000718f80000, 0x0000000758d00000, 0x00000007c0000000)
  eden space 325632K, 0% used [0x0000000718f80000,0x0000000718f80000,0x000000072cd80000)
  from space 512K, 37% used [0x0000000758c80000,0x0000000758cb0010,0x0000000758d00000)
  to   space 512K, 0% used [0x0000000758c00000,0x0000000758c00000,0x0000000758c80000)
 ParOldGen       total 241664K, used 32766K [0x00000005cae00000, 0x00000005d9a00000, 0x0000000718f80000)
  object space 241664K, 13% used [0x00000005cae00000,0x00000005ccdffb28,0x00000005d9a00000)
 Metaspace       used 34907K, capacity 35218K, committed 35584K, reserved 1079296K
  class space    used 4708K, capacity 4818K, committed 4864K, reserved 1048576K
}
Event: 4770.635 GC heap before
{Heap before GC invocations=8398 (full 3):
 PSYoungGen      total 326144K, used 325824K [0x0000000718f80000, 0x0000000758d00000, 0x00000007c0000000)
  eden space 325632K, 100% used [0x0000000718f80000,0x000000072cd80000,0x000000072cd80000)
  from space 512K, 37% used [0x0000000758c80000,0x0000000758cb0010,0x0000000758d00000)
  to   space 512K, 0% used [0x0000000758c00000,0x0000000758c00000,0x0000000758c80000)
 ParOldGen       total 241664K, used 32766K [0x00000005cae00000, 0x00000005d9a00000, 0x0000000718f80000)
  object space 241664K, 13% used [0x00000005cae00000,0x00000005ccdffb28,0x00000005d9a00000)
 Metaspace       used 34907K, capacity 35218K, committed 35584K, reserved 1079296K
  class space    used 4708K, capacity 4818K, committed 4864K, reserved 1048576K
Event: 4770.637 GC heap after
Heap after GC invocations=8398 (full 3):
 PSYoungGen      total 316928K, used 160K [0x0000000718f80000, 0x0000000758d00000, 0x00000007c0000000)
  eden space 316416K, 0% used [0x0000000718f80000,0x0000000718f80000,0x000000072c480000)
  from space 512K, 31% used [0x0000000758c00000,0x0000000758c28010,0x0000000758c80000)
  to   space 512K, 0% used [0x0000000758c80000,0x0000000758c80000,0x0000000758d00000)
 ParOldGen       total 241664K, used 32766K [0x00000005cae00000, 0x00000005d9a00000, 0x0000000718f80000)
  object space 241664K, 13% used [0x00000005cae00000,0x00000005ccdffb28,0x00000005d9a00000)
 Metaspace       used 34907K, capacity 35218K, committed 35584K, reserved 1079296K
  class space    used 4708K, capacity 4818K, committed 4864K, reserved 1048576K
}

