# JRE version: OpenJDK Runtime Environment (8.0_162-b12) (build 1.8.0_162-8u162-b12-1~14.04-b12)
# Java VM: OpenJDK 64-Bit Server VM (25.162-b12 mixed mode linux-amd64 compressed oops)
Heap:
 PSYoungGen      total 340992K, used 785K [0x000000076cf80000, 0x0000000782c80000, 0x00000007c0000000)
  eden space 339968K, 0% used [0x000000076cf80000,0x000000076cf80000,0x0000000781b80000)
  from space 1024K, 76% used [0x0000000782b80000,0x0000000782c44768,0x0000000782c80000)
  to   space 1024K, 0% used [0x0000000781b80000,0x0000000781b80000,0x0000000781c80000)
 ParOldGen       total 204288K, used 34237K [0x00000006c6e00000, 0x00000006d3580000, 0x000000076cf80000)
  object space 204288K, 16% used [0x00000006c6e00000,0x00000006c8f6f718,0x00000006d3580000)
 Metaspace       used 43959K, capacity 44306K, committed 44760K, reserved 1087488K
  class space    used 5738K, capacity 5840K, committed 5888K, reserved 1048576K
GC Heap History (10 events):
Event: 344.983 GC heap after
Heap after GC invocations=125 (full 2):
 PSYoungGen      total 300032K, used 664K [0x000000076cf80000, 0x0000000780780000, 0x00000007c0000000)
  eden space 299008K, 0% used [0x000000076cf80000,0x000000076cf80000,0x000000077f380000)
  from space 1024K, 64% used [0x000000077f380000,0x000000077f4262c8,0x000000077f480000)
  to   space 1024K, 0% used [0x0000000780680000,0x0000000780680000,0x0000000780780000)
 ParOldGen       total 204288K, used 34101K [0x00000006c6e00000, 0x00000006d3580000, 0x000000076cf80000)
  object space 204288K, 16% used [0x00000006c6e00000,0x00000006c8f4d718,0x00000006d3580000)
 Metaspace       used 43945K, capacity 44242K, committed 44760K, reserved 1087488K
  class space    used 5738K, capacity 5840K, committed 5888K, reserved 1048576K
}
Event: 345.800 GC heap before
{Heap before GC invocations=126 (full 2):
 PSYoungGen      total 300032K, used 299672K [0x000000076cf80000, 0x0000000780780000, 0x00000007c0000000)
  eden space 299008K, 100% used [0x000000076cf80000,0x000000077f380000,0x000000077f380000)
  from space 1024K, 64% used [0x000000077f380000,0x000000077f4262c8,0x000000077f480000)
  to   space 1024K, 0% used [0x0000000780680000,0x0000000780680000,0x0000000780780000)
 ParOldGen       total 204288K, used 34101K [0x00000006c6e00000, 0x00000006d3580000, 0x000000076cf80000)
  object space 204288K, 16% used [0x00000006c6e00000,0x00000006c8f4d718,0x00000006d3580000)
 Metaspace       used 43947K, capacity 44242K, committed 44760K, reserved 1087488K
  class space    used 5738K, capacity 5840K, committed 5888K, reserved 1048576K
Event: 345.815 GC heap after
Heap after GC invocations=126 (full 2):
 PSYoungGen      total 318464K, used 671K [0x000000076cf80000, 0x0000000780900000, 0x00000007c0000000)
  eden space 317440K, 0% used [0x000000076cf80000,0x000000076cf80000,0x0000000780580000)
  from space 1024K, 65% used [0x0000000780680000,0x0000000780727e90,0x0000000780780000)
  to   space 1024K, 0% used [0x0000000780580000,0x0000000780580000,0x0000000780680000)
 ParOldGen       total 204288K, used 34101K [0x00000006c6e00000, 0x00000006d3580000, 0x000000076cf80000)
  object space 204288K, 16% used [0x00000006c6e00000,0x00000006c8f4d718,0x00000006d3580000)
 Metaspace       used 43947K, capacity 44242K, committed 44760K, reserved 1087488K
  class space    used 5738K, capacity 5840K, committed 5888K, reserved 1048576K
}
Event: 346.660 GC heap before
{Heap before GC invocations=127 (full 2):
 PSYoungGen      total 318464K, used 318111K [0x000000076cf80000, 0x0000000780900000, 0x00000007c0000000)
  eden space 317440K, 100% used [0x000000076cf80000,0x0000000780580000,0x0000000780580000)
  from space 1024K, 65% used [0x0000000780680000,0x0000000780727e90,0x0000000780780000)
  to   space 1024K, 0% used [0x0000000780580000,0x0000000780580000,0x0000000780680000)
 ParOldGen       total 204288K, used 34101K [0x00000006c6e00000, 0x00000006d3580000, 0x000000076cf80000)
  object space 204288K, 16% used [0x00000006c6e00000,0x00000006c8f4d718,0x00000006d3580000)
 Metaspace       used 43947K, capacity 44242K, committed 44760K, reserved 1087488K
  class space    used 5738K, capacity 5840K, committed 5888K, reserved 1048576K
Event: 346.675 GC heap after
Heap after GC invocations=127 (full 2):
 PSYoungGen      total 318464K, used 750K [0x000000076cf80000, 0x0000000781d80000, 0x00000007c0000000)
  eden space 317440K, 0% used [0x000000076cf80000,0x000000076cf80000,0x0000000780580000)
  from space 1024K, 73% used [0x0000000780580000,0x000000078063b830,0x0000000780680000)
  to   space 1024K, 0% used [0x0000000781c80000,0x0000000781c80000,0x0000000781d80000)
 ParOldGen       total 204288K, used 34125K [0x00000006c6e00000, 0x00000006d3580000, 0x000000076cf80000)
  object space 204288K, 16% used [0x00000006c6e00000,0x00000006c8f53718,0x00000006d3580000)
 Metaspace       used 43947K, capacity 44242K, committed 44760K, reserved 1087488K
  class space    used 5738K, capacity 5840K, committed 5888K, reserved 1048576K
}
Event: 348.215 GC heap before
{Heap before GC invocations=128 (full 2):
 PSYoungGen      total 318464K, used 318176K [0x000000076cf80000, 0x0000000781d80000, 0x00000007c0000000)
  eden space 317440K, 99% used [0x000000076cf80000,0x000000078057ca08,0x0000000780580000)
  from space 1024K, 73% used [0x0000000780580000,0x000000078063b830,0x0000000780680000)
  to   space 1024K, 0% used [0x0000000781c80000,0x0000000781c80000,0x0000000781d80000)
 ParOldGen       total 204288K, used 34125K [0x00000006c6e00000, 0x00000006d3580000, 0x000000076cf80000)
  object space 204288K, 16% used [0x00000006c6e00000,0x00000006c8f53718,0x00000006d3580000)
 Metaspace       used 43947K, capacity 44242K, committed 44760K, reserved 1087488K
  class space    used 5738K, capacity 5840K, committed 5888K, reserved 1048576K
Event: 348.221 GC heap after
Heap after GC invocations=128 (full 2):
 PSYoungGen      total 338432K, used 704K [0x000000076cf80000, 0x0000000781d80000, 0x00000007c0000000)
  eden space 337408K, 0% used [0x000000076cf80000,0x000000076cf80000,0x0000000781900000)
  from space 1024K, 68% used [0x0000000781c80000,0x0000000781d30020,0x0000000781d80000)
  to   space 1024K, 0% used [0x0000000781b80000,0x0000000781b80000,0x0000000781c80000)
 ParOldGen       total 204288K, used 34157K [0x00000006c6e00000, 0x00000006d3580000, 0x000000076cf80000)
  object space 204288K, 16% used [0x00000006c6e00000,0x00000006c8f5b718,0x00000006d3580000)
 Metaspace       used 43947K, capacity 44242K, committed 44760K, reserved 1087488K
  class space    used 5738K, capacity 5840K, committed 5888K, reserved 1048576K
}
Event: 351.908 GC heap before
{Heap before GC invocations=129 (full 2):
 PSYoungGen      total 338432K, used 338112K [0x000000076cf80000, 0x0000000781d80000, 0x00000007c0000000)
  eden space 337408K, 100% used [0x000000076cf80000,0x0000000781900000,0x0000000781900000)
  from space 1024K, 68% used [0x0000000781c80000,0x0000000781d30020,0x0000000781d80000)
  to   space 1024K, 0% used [0x0000000781b80000,0x0000000781b80000,0x0000000781c80000)
 ParOldGen       total 204288K, used 34157K [0x00000006c6e00000, 0x00000006d3580000, 0x000000076cf80000)
  object space 204288K, 16% used [0x00000006c6e00000,0x00000006c8f5b718,0x00000006d3580000)
 Metaspace       used 43958K, capacity 44306K, committed 44760K, reserved 1087488K
  class space    used 5738K, capacity 5840K, committed 5888K, reserved 1048576K
Event: 351.919 GC heap after
Heap after GC invocations=129 (full 2):
 PSYoungGen      total 340992K, used 698K [0x000000076cf80000, 0x0000000782c80000, 0x00000007c0000000)
  eden space 339968K, 0% used [0x000000076cf80000,0x000000076cf80000,0x0000000781b80000)
  from space 1024K, 68% used [0x0000000781b80000,0x0000000781c2e888,0x0000000781c80000)
  to   space 1024K, 0% used [0x0000000782b80000,0x0000000782b80000,0x0000000782c80000)
 ParOldGen       total 204288K, used 34197K [0x00000006c6e00000, 0x00000006d3580000, 0x000000076cf80000)
  object space 204288K, 16% used [0x00000006c6e00000,0x00000006c8f65718,0x00000006d3580000)
 Metaspace       used 43958K, capacity 44306K, committed 44760K, reserved 1087488K
  class space    used 5738K, capacity 5840K, committed 5888K, reserved 1048576K
}
Event: 357.107 GC heap before
{Heap before GC invocations=130 (full 2):
 PSYoungGen      total 340992K, used 340666K [0x000000076cf80000, 0x0000000782c80000, 0x00000007c0000000)
  eden space 339968K, 100% used [0x000000076cf80000,0x0000000781b80000,0x0000000781b80000)
  from space 1024K, 68% used [0x0000000781b80000,0x0000000781c2e888,0x0000000781c80000)
  to   space 1024K, 0% used [0x0000000782b80000,0x0000000782b80000,0x0000000782c80000)
 ParOldGen       total 204288K, used 34197K [0x00000006c6e00000, 0x00000006d3580000, 0x000000076cf80000)
  object space 204288K, 16% used [0x00000006c6e00000,0x00000006c8f65718,0x00000006d3580000)
 Metaspace       used 43959K, capacity 44306K, committed 44760K, reserved 1087488K
  class space    used 5738K, capacity 5840K, committed 5888K, reserved 1048576K

