# JRE version: Java(TM) SE Runtime Environment (8.0_151-b12) (build 1.8.0_151-b12)
# Java VM: Java HotSpot(TM) 64-Bit Server VM (25.151-b12 mixed mode linux-amd64 compressed oops)
Heap:
 PSYoungGen      total 139264K, used 29195K [0x000000076cf80000, 0x0000000778180000, 0x00000007c0000000)
  eden space 134656K, 18% used [0x000000076cf80000,0x000000076e7fbea8,0x0000000775300000)
  from space 4608K, 89% used [0x0000000776700000,0x0000000776b06e50,0x0000000776b80000)
  to   space 15360K, 0% used [0x0000000777280000,0x0000000777280000,0x0000000778180000)
 ParOldGen       total 194560K, used 18409K [0x00000006c6e00000, 0x00000006d2c00000, 0x000000076cf80000)
  object space 194560K, 9% used [0x00000006c6e00000,0x00000006c7ffa720,0x00000006d2c00000)
 Metaspace       used 44442K, capacity 44792K, committed 45272K, reserved 1089536K
  class space    used 6032K, capacity 6131K, committed 6144K, reserved 1048576K
GC Heap History (10 events):
Event: 3.581 GC heap before
{Heap before GC invocations=7 (full 2):
 PSYoungGen      total 137728K, used 6931K [0x000000076cf80000, 0x0000000777600000, 0x00000007c0000000)
  eden space 127488K, 0% used [0x000000076cf80000,0x000000076cf80000,0x0000000774c00000)
  from space 10240K, 67% used [0x0000000774c00000,0x00000007752c4d70,0x0000000775600000)
  to   space 14848K, 0% used [0x0000000776780000,0x0000000776780000,0x0000000777600000)
 ParOldGen       total 116736K, used 12679K [0x00000006c6e00000, 0x00000006ce000000, 0x000000076cf80000)
  object space 116736K, 10% used [0x00000006c6e00000,0x00000006c7a61e78,0x00000006ce000000)
 Metaspace       used 34812K, capacity 35080K, committed 35416K, reserved 1079296K
  class space    used 4906K, capacity 4979K, committed 4992K, reserved 1048576K
Event: 3.657 GC heap after
Heap after GC invocations=7 (full 2):
 PSYoungGen      total 137728K, used 0K [0x000000076cf80000, 0x0000000777600000, 0x00000007c0000000)
  eden space 127488K, 0% used [0x000000076cf80000,0x000000076cf80000,0x0000000774c00000)
  from space 10240K, 0% used [0x0000000774c00000,0x0000000774c00000,0x0000000775600000)
  to   space 14848K, 0% used [0x0000000776780000,0x0000000776780000,0x0000000777600000)
 ParOldGen       total 194560K, used 18372K [0x00000006c6e00000, 0x00000006d2c00000, 0x000000076cf80000)
  object space 194560K, 9% used [0x00000006c6e00000,0x00000006c7ff1088,0x00000006d2c00000)
 Metaspace       used 34812K, capacity 35080K, committed 35416K, reserved 1079296K
  class space    used 4906K, capacity 4979K, committed 4992K, reserved 1048576K
}
Event: 315.683 GC heap before
{Heap before GC invocations=8 (full 2):
 PSYoungGen      total 137728K, used 127488K [0x000000076cf80000, 0x0000000777600000, 0x00000007c0000000)
  eden space 127488K, 100% used [0x000000076cf80000,0x0000000774c00000,0x0000000774c00000)
  from space 10240K, 0% used [0x0000000774c00000,0x0000000774c00000,0x0000000775600000)
  to   space 14848K, 0% used [0x0000000776780000,0x0000000776780000,0x0000000777600000)
 ParOldGen       total 194560K, used 18372K [0x00000006c6e00000, 0x00000006d2c00000, 0x000000076cf80000)
  object space 194560K, 9% used [0x00000006c6e00000,0x00000006c7ff1088,0x00000006d2c00000)
 Metaspace       used 43416K, capacity 43762K, committed 44248K, reserved 1087488K
  class space    used 5945K, capacity 6066K, committed 6144K, reserved 1048576K
Event: 315.700 GC heap after
Heap after GC invocations=8 (full 2):
 PSYoungGen      total 155136K, used 3748K [0x000000076cf80000, 0x0000000778700000, 0x00000007c0000000)
  eden space 140288K, 0% used [0x000000076cf80000,0x000000076cf80000,0x0000000775880000)
  from space 14848K, 25% used [0x0000000776780000,0x0000000776b292c0,0x0000000777600000)
  to   space 15360K, 0% used [0x0000000775880000,0x0000000775880000,0x0000000776780000)
 ParOldGen       total 194560K, used 18385K [0x00000006c6e00000, 0x00000006d2c00000, 0x000000076cf80000)
  object space 194560K, 9% used [0x00000006c6e00000,0x00000006c7ff4720,0x00000006d2c00000)
 Metaspace       used 43416K, capacity 43762K, committed 44248K, reserved 1087488K
  class space    used 5945K, capacity 6066K, committed 6144K, reserved 1048576K
}
Event: 803.195 GC heap before
{Heap before GC invocations=9 (full 2):
 PSYoungGen      total 155136K, used 144036K [0x000000076cf80000, 0x0000000778700000, 0x00000007c0000000)
  eden space 140288K, 100% used [0x000000076cf80000,0x0000000775880000,0x0000000775880000)
  from space 14848K, 25% used [0x0000000776780000,0x0000000776b292c0,0x0000000777600000)
  to   space 15360K, 0% used [0x0000000775880000,0x0000000775880000,0x0000000776780000)
 ParOldGen       total 194560K, used 18385K [0x00000006c6e00000, 0x00000006d2c00000, 0x000000076cf80000)
  object space 194560K, 9% used [0x00000006c6e00000,0x00000006c7ff4720,0x00000006d2c00000)
 Metaspace       used 43816K, capacity 44210K, committed 44760K, reserved 1087488K
  class space    used 5966K, capacity 6066K, committed 6144K, reserved 1048576K
Event: 803.201 GC heap after
Heap after GC invocations=9 (full 2):
 PSYoungGen      total 155648K, used 3629K [0x000000076cf80000, 0x0000000779000000, 0x00000007c0000000)
  eden space 140288K, 0% used [0x000000076cf80000,0x000000076cf80000,0x0000000775880000)
  from space 15360K, 23% used [0x0000000775880000,0x0000000775c0b650,0x0000000776780000)
  to   space 15360K, 0% used [0x0000000778100000,0x0000000778100000,0x0000000779000000)
 ParOldGen       total 194560K, used 18393K [0x00000006c6e00000, 0x00000006d2c00000, 0x000000076cf80000)
  object space 194560K, 9% used [0x00000006c6e00000,0x00000006c7ff6720,0x00000006d2c00000)
 Metaspace       used 43816K, capacity 44210K, committed 44760K, reserved 1087488K
  class space    used 5966K, capacity 6066K, committed 6144K, reserved 1048576K
}
Event: 1295.700 GC heap before
{Heap before GC invocations=10 (full 2):
 PSYoungGen      total 155648K, used 143858K [0x000000076cf80000, 0x0000000779000000, 0x00000007c0000000)
  eden space 140288K, 99% used [0x000000076cf80000,0x0000000775871348,0x0000000775880000)
  from space 15360K, 23% used [0x0000000775880000,0x0000000775c0b650,0x0000000776780000)
  to   space 15360K, 0% used [0x0000000778100000,0x0000000778100000,0x0000000779000000)
 ParOldGen       total 194560K, used 18393K [0x00000006c6e00000, 0x00000006d2c00000, 0x000000076cf80000)
  object space 194560K, 9% used [0x00000006c6e00000,0x00000006c7ff6720,0x00000006d2c00000)
 Metaspace       used 44099K, capacity 44408K, committed 45016K, reserved 1087488K
  class space    used 5970K, capacity 6067K, committed 6144K, reserved 1048576K
Event: 1295.755 GC heap after
Heap after GC invocations=10 (full 2):
 PSYoungGen      total 141312K, used 3618K [0x000000076cf80000, 0x0000000778500000, 0x00000007c0000000)
  eden space 137216K, 0% used [0x000000076cf80000,0x000000076cf80000,0x0000000775580000)
  from space 4096K, 88% used [0x0000000778100000,0x0000000778488898,0x0000000778500000)
  to   space 15360K, 0% used [0x0000000776700000,0x0000000776700000,0x0000000777600000)
 ParOldGen       total 194560K, used 18401K [0x00000006c6e00000, 0x00000006d2c00000, 0x000000076cf80000)
  object space 194560K, 9% used [0x00000006c6e00000,0x00000006c7ff8720,0x00000006d2c00000)
 Metaspace       used 44099K, capacity 44408K, committed 45016K, reserved 1087488K
  class space    used 5970K, capacity 6067K, committed 6144K, reserved 1048576K
}
Event: 1745.702 GC heap before
{Heap before GC invocations=11 (full 2):
 PSYoungGen      total 141312K, used 140793K [0x000000076cf80000, 0x0000000778500000, 0x00000007c0000000)
  eden space 137216K, 99% used [0x000000076cf80000,0x0000000775575ca0,0x0000000775580000)
  from space 4096K, 88% used [0x0000000778100000,0x0000000778488898,0x0000000778500000)
  to   space 15360K, 0% used [0x0000000776700000,0x0000000776700000,0x0000000777600000)
 ParOldGen       total 194560K, used 18401K [0x00000006c6e00000, 0x00000006d2c00000, 0x000000076cf80000)
  object space 194560K, 9% used [0x00000006c6e00000,0x00000006c7ff8720,0x00000006d2c00000)
 Metaspace       used 44442K, capacity 44792K, committed 45272K, reserved 1089536K
  class space    used 6032K, capacity 6131K, committed 6144K, reserved 1048576K
Event: 1745.709 GC heap after
Heap after GC invocations=11 (full 2):
 PSYoungGen      total 139264K, used 4123K [0x000000076cf80000, 0x0000000778180000, 0x00000007c0000000)
  eden space 134656K, 0% used [0x000000076cf80000,0x000000076cf80000,0x0000000775300000)
  from space 4608K, 89% used [0x0000000776700000,0x0000000776b06e50,0x0000000776b80000)
  to   space 15360K, 0% used [0x0000000777280000,0x0000000777280000,0x0000000778180000)
 ParOldGen       total 194560K, used 18409K [0x00000006c6e00000, 0x00000006d2c00000, 0x000000076cf80000)
  object space 194560K, 9% used [0x00000006c6e00000,0x00000006c7ffa720,0x00000006d2c00000)
 Metaspace       used 44442K, capacity 44792K, committed 45272K, reserved 1089536K
  class space    used 6032K, capacity 6131K, committed 6144K, reserved 1048576K
}

