# JRE version: Java(TM) SE Runtime Environment (8.0_131-b11) (build 1.8.0_131-b11)
# Java VM: Java HotSpot(TM) 64-Bit Server VM (25.131-b11 mixed mode linux-amd64 compressed oops)
Heap:
 PSYoungGen      total 269824K, used 263780K [0x0000000718f80000, 0x000000074d500000, 0x00000007c0000000)
  eden space 269312K, 97% used [0x0000000718f80000,0x0000000729101048,0x0000000729680000)
  from space 512K, 18% used [0x000000074d400000,0x000000074d418000,0x000000074d480000)
  to   space 512K, 0% used [0x000000074d480000,0x000000074d480000,0x000000074d500000)
 ParOldGen       total 239104K, used 25883K [0x00000005cae00000, 0x00000005d9780000, 0x0000000718f80000)
  object space 239104K, 10% used [0x00000005cae00000,0x00000005cc746e28,0x00000005d9780000)
 Metaspace       used 42595K, capacity 42932K, committed 43392K, reserved 1087488K
  class space    used 5910K, capacity 6001K, committed 6016K, reserved 1048576K
GC Heap History (10 events):
Event: 182.722 GC heap before
{Heap before GC invocations=251 (full 2):
 PSYoungGen      total 310784K, used 310336K [0x0000000718f80000, 0x000000074d500000, 0x00000007c0000000)
  eden space 310272K, 100% used [0x0000000718f80000,0x000000072be80000,0x000000072be80000)
  from space 512K, 12% used [0x000000074d480000,0x000000074d490000,0x000000074d500000)
  to   space 512K, 0% used [0x000000074d400000,0x000000074d400000,0x000000074d480000)
 ParOldGen       total 239104K, used 25859K [0x00000005cae00000, 0x00000005d9780000, 0x0000000718f80000)
  object space 239104K, 10% used [0x00000005cae00000,0x00000005cc740e28,0x00000005d9780000)
 Metaspace       used 42595K, capacity 42932K, committed 43392K, reserved 1087488K
  class space    used 5910K, capacity 6001K, committed 6016K, reserved 1048576K
Event: 182.724 GC heap after
Heap after GC invocations=251 (full 2):
 PSYoungGen      total 302080K, used 96K [0x0000000718f80000, 0x000000074d500000, 0x00000007c0000000)
  eden space 301568K, 0% used [0x0000000718f80000,0x0000000718f80000,0x000000072b600000)
  from space 512K, 18% used [0x000000074d400000,0x000000074d418000,0x000000074d480000)
  to   space 512K, 0% used [0x000000074d480000,0x000000074d480000,0x000000074d500000)
 ParOldGen       total 239104K, used 25875K [0x00000005cae00000, 0x00000005d9780000, 0x0000000718f80000)
  object space 239104K, 10% used [0x00000005cae00000,0x00000005cc744e28,0x00000005d9780000)
 Metaspace       used 42595K, capacity 42932K, committed 43392K, reserved 1087488K
  class space    used 5910K, capacity 6001K, committed 6016K, reserved 1048576K
}
Event: 182.971 GC heap before
{Heap before GC invocations=252 (full 2):
 PSYoungGen      total 302080K, used 301664K [0x0000000718f80000, 0x000000074d500000, 0x00000007c0000000)
  eden space 301568K, 100% used [0x0000000718f80000,0x000000072b600000,0x000000072b600000)
  from space 512K, 18% used [0x000000074d400000,0x000000074d418000,0x000000074d480000)
  to   space 512K, 0% used [0x000000074d480000,0x000000074d480000,0x000000074d500000)
 ParOldGen       total 239104K, used 25875K [0x00000005cae00000, 0x00000005d9780000, 0x0000000718f80000)
  object space 239104K, 10% used [0x00000005cae00000,0x00000005cc744e28,0x00000005d9780000)
 Metaspace       used 42595K, capacity 42932K, committed 43392K, reserved 1087488K
  class space    used 5910K, capacity 6001K, committed 6016K, reserved 1048576K
Event: 182.973 GC heap after
Heap after GC invocations=252 (full 2):
 PSYoungGen      total 293376K, used 96K [0x0000000718f80000, 0x000000074d500000, 0x00000007c0000000)
  eden space 292864K, 0% used [0x0000000718f80000,0x0000000718f80000,0x000000072ad80000)
  from space 512K, 18% used [0x000000074d480000,0x000000074d498000,0x000000074d500000)
  to   space 512K, 0% used [0x000000074d400000,0x000000074d400000,0x000000074d480000)
 ParOldGen       total 239104K, used 25875K [0x00000005cae00000, 0x00000005d9780000, 0x0000000718f80000)
  object space 239104K, 10% used [0x00000005cae00000,0x00000005cc744e28,0x00000005d9780000)
 Metaspace       used 42595K, capacity 42932K, committed 43392K, reserved 1087488K
  class space    used 5910K, capacity 6001K, committed 6016K, reserved 1048576K
}
Event: 183.210 GC heap before
{Heap before GC invocations=253 (full 2):
 PSYoungGen      total 293376K, used 292960K [0x0000000718f80000, 0x000000074d500000, 0x00000007c0000000)
  eden space 292864K, 100% used [0x0000000718f80000,0x000000072ad80000,0x000000072ad80000)
  from space 512K, 18% used [0x000000074d480000,0x000000074d498000,0x000000074d500000)
  to   space 512K, 0% used [0x000000074d400000,0x000000074d400000,0x000000074d480000)
 ParOldGen       total 239104K, used 25875K [0x00000005cae00000, 0x00000005d9780000, 0x0000000718f80000)
  object space 239104K, 10% used [0x00000005cae00000,0x00000005cc744e28,0x00000005d9780000)
 Metaspace       used 42595K, capacity 42932K, committed 43392K, reserved 1087488K
  class space    used 5910K, capacity 6001K, committed 6016K, reserved 1048576K
Event: 183.212 GC heap after
Heap after GC invocations=253 (full 2):
 PSYoungGen      total 285184K, used 96K [0x0000000718f80000, 0x000000074d500000, 0x00000007c0000000)
  eden space 284672K, 0% used [0x0000000718f80000,0x0000000718f80000,0x000000072a580000)
  from space 512K, 18% used [0x000000074d400000,0x000000074d418000,0x000000074d480000)
  to   space 512K, 0% used [0x000000074d480000,0x000000074d480000,0x000000074d500000)
 ParOldGen       total 239104K, used 25875K [0x00000005cae00000, 0x00000005d9780000, 0x0000000718f80000)
  object space 239104K, 10% used [0x00000005cae00000,0x00000005cc744e28,0x00000005d9780000)
 Metaspace       used 42595K, capacity 42932K, committed 43392K, reserved 1087488K
  class space    used 5910K, capacity 6001K, committed 6016K, reserved 1048576K
}
Event: 183.438 GC heap before
{Heap before GC invocations=254 (full 2):
 PSYoungGen      total 285184K, used 284768K [0x0000000718f80000, 0x000000074d500000, 0x00000007c0000000)
  eden space 284672K, 100% used [0x0000000718f80000,0x000000072a580000,0x000000072a580000)
  from space 512K, 18% used [0x000000074d400000,0x000000074d418000,0x000000074d480000)
  to   space 512K, 0% used [0x000000074d480000,0x000000074d480000,0x000000074d500000)
 ParOldGen       total 239104K, used 25875K [0x00000005cae00000, 0x00000005d9780000, 0x0000000718f80000)
  object space 239104K, 10% used [0x00000005cae00000,0x00000005cc744e28,0x00000005d9780000)
 Metaspace       used 42595K, capacity 42932K, committed 43392K, reserved 1087488K
  class space    used 5910K, capacity 6001K, committed 6016K, reserved 1048576K
Event: 183.440 GC heap after
Heap after GC invocations=254 (full 2):
 PSYoungGen      total 277504K, used 96K [0x0000000718f80000, 0x000000074d500000, 0x00000007c0000000)
  eden space 276992K, 0% used [0x0000000718f80000,0x0000000718f80000,0x0000000729e00000)
  from space 512K, 18% used [0x000000074d480000,0x000000074d498000,0x000000074d500000)
  to   space 512K, 0% used [0x000000074d400000,0x000000074d400000,0x000000074d480000)
 ParOldGen       total 239104K, used 25883K [0x00000005cae00000, 0x00000005d9780000, 0x0000000718f80000)
  object space 239104K, 10% used [0x00000005cae00000,0x00000005cc746e28,0x00000005d9780000)
 Metaspace       used 42595K, capacity 42932K, committed 43392K, reserved 1087488K
  class space    used 5910K, capacity 6001K, committed 6016K, reserved 1048576K
}
Event: 183.664 GC heap before
{Heap before GC invocations=255 (full 2):
 PSYoungGen      total 277504K, used 277088K [0x0000000718f80000, 0x000000074d500000, 0x00000007c0000000)
  eden space 276992K, 100% used [0x0000000718f80000,0x0000000729e00000,0x0000000729e00000)
  from space 512K, 18% used [0x000000074d480000,0x000000074d498000,0x000000074d500000)
  to   space 512K, 0% used [0x000000074d400000,0x000000074d400000,0x000000074d480000)
 ParOldGen       total 239104K, used 25883K [0x00000005cae00000, 0x00000005d9780000, 0x0000000718f80000)
  object space 239104K, 10% used [0x00000005cae00000,0x00000005cc746e28,0x00000005d9780000)
 Metaspace       used 42595K, capacity 42932K, committed 43392K, reserved 1087488K
  class space    used 5910K, capacity 6001K, committed 6016K, reserved 1048576K
Event: 183.666 GC heap after
Heap after GC invocations=255 (full 2):
 PSYoungGen      total 269824K, used 96K [0x0000000718f80000, 0x000000074d500000, 0x00000007c0000000)
  eden space 269312K, 0% used [0x0000000718f80000,0x0000000718f80000,0x0000000729680000)
  from space 512K, 18% used [0x000000074d400000,0x000000074d418000,0x000000074d480000)
  to   space 512K, 0% used [0x000000074d480000,0x000000074d480000,0x000000074d500000)
 ParOldGen       total 239104K, used 25883K [0x00000005cae00000, 0x00000005d9780000, 0x0000000718f80000)
  object space 239104K, 10% used [0x00000005cae00000,0x00000005cc746e28,0x00000005d9780000)
 Metaspace       used 42595K, capacity 42932K, committed 43392K, reserved 1087488K
  class space    used 5910K, capacity 6001K, committed 6016K, reserved 1048576K
}

